<?xml version="1.0" encoding="UTF-8"?>
<chainlink xmlns="http://io.machinecode/xml/ns/chainlink"
                 xmlns:xsi="http://www.w3.org/2001/XMLSchema-instance"
                 xsi:schemaLocation="http://io.machinecode/xml/ns/chainlink http://io.machinecode/xml/ns/chainlink/chainlink_1_0.xsd">

    <artifact-loader name="test" ref="io.machinecode.chainlink.core.configuration.TestArtifactLoaderFactory" />

    <job-operator name="default">
        <artifact-loader name="first" ref="testArtifactLoader"/>
        <artifact-loader name="other" ref="io.machinecode.chainlink.core.configuration.OtherArtifactLoader" />
    </job-operator>

</chainlink>